Android/M-SACCO/app/build/outputs/logs/manifest-merger-debug-report.txt
-- Merging decision tree log ---
manifest
ADDED from src\main\AndroidManifest.xml:2:1-243:12
	package
		ADDED from src\main\AndroidManifest.xml:3:5-41
		INJECTED from src\main\AndroidManifest.xml
		INJECTED from src\main\AndroidManifest.xml
	android:versionName
		ADDED from src\main\AndroidManifest.xml:5:5-30
		INJECTED from src\main\AndroidManifest.xml
		INJECTED from src\main\AndroidManifest.xml
	android:versionCode
		ADDED from src\main\AndroidManifest.xml:4:5-28
		INJECTED from src\main\AndroidManifest.xml
		INJECTED from src\main\AndroidManifest.xml
	xmlns:android
		ADDED from src\main\AndroidManifest.xml:2:11-69
uses-sdk
ADDED from src\main\AndroidManifest.xml:7:5-9:41
	android:targetSdkVersion
		ADDED from src\main\AndroidManifest.xml:9:9-38
		INJECTED from src\main\AndroidManifest.xml
		INJECTED from src\main\AndroidManifest.xml
	android:minSdkVersion
		ADDED from src\main\AndroidManifest.xml:8:9-35
		INJECTED from src\main\AndroidManifest.xml
		INJECTED from src\main\AndroidManifest.xml
uses-permission#android.permission.READ_PHONE_STATE
ADDED from src\main\AndroidManifest.xml:11:5-75
	android:name
		ADDED from src\main\AndroidManifest.xml:11:22-72
uses-permission#android.permission.INTERNET
ADDED from src\main\AndroidManifest.xml:12:5-67
	android:name
		ADDED from src\main\AndroidManifest.xml:12:22-64
uses-permission#android.permission.ACCESS_NETWORK_STATE
ADDED from src\main\AndroidManifest.xml:15:5-79
	android:name
		ADDED from src\main\AndroidManifest.xml:15:22-76
application
ADDED from src\main\AndroidManifest.xml:17:5-241:19
	android:label
		ADDED from src\main\AndroidManifest.xml:20:9-41
	android:allowBackup
		ADDED from src\main\AndroidManifest.xml:18:9-35
	android:icon
		ADDED from src\main\AndroidManifest.xml:19:9-44
	android:theme
		ADDED from src\main\AndroidManifest.xml:21:9-49
activity#info.msacco.tabsswipe.Main_Splash_Screen
ADDED from src\main\AndroidManifest.xml:22:9-31:20
	android:label
		ADDED from src\main\AndroidManifest.xml:25:13-45
	android:theme
		ADDED from src\main\AndroidManifest.xml:24:13-83
	android:name
		ADDED from src\main\AndroidManifest.xml:23:13-68
intent-filter#android.intent.action.MAIN+android.intent.category.LAUNCHER
ADDED from src\main\AndroidManifest.xml:26:13-30:29
action#android.intent.action.MAIN
ADDED from src\main\AndroidManifest.xml:27:17-69
	android:name
		ADDED from src\main\AndroidManifest.xml:27:25-66
category#android.intent.category.LAUNCHER
ADDED from src\main\AndroidManifest.xml:29:17-77
	android:name
		ADDED from src\main\AndroidManifest.xml:29:27-74
activity#info.msacco.tabsswipe.ConfirmSMS
ADDED from src\main\AndroidManifest.xml:32:9-35:20
	android:label
		ADDED from src\main\AndroidManifest.xml:34:13-45
	android:name
		ADDED from src\main\AndroidManifest.xml:33:13-60
activity#info.msacco.tabsswipe.Line_Registration
ADDED from src\main\AndroidManifest.xml:36:9-39:20
	android:label
		ADDED from src\main\AndroidManifest.xml:38:13-45
	android:name
		ADDED from src\main\AndroidManifest.xml:37:13-67
activity#info.msacco.tabsswipe.LoginActivity
ADDED from src\main\AndroidManifest.xml:40:9-43:20
	android:label
		ADDED from src\main\AndroidManifest.xml:42:13-45
	android:name
		ADDED from src\main\AndroidManifest.xml:41:13-63
activity#info.msacco.tabsswipe.HomeActivity
ADDED from src\main\AndroidManifest.xml:44:9-50:20
	android:screenOrientation
		ADDED from src\main\AndroidManifest.xml:49:13-49
	android:label
		ADDED from src\main\AndroidManifest.xml:47:13-38
	android:parentActivityName
		ADDED from src\main\AndroidManifest.xml:48:13-77
	android:configChanges
		ADDED from src\main\AndroidManifest.xml:46:13-63
	android:name
		ADDED from src\main\AndroidManifest.xml:45:13-62
activity#info.msacco.tabsswipe.CustomerServiceMessageActivity
ADDED from src\main\AndroidManifest.xml:51:9-55:20
	android:label
		ADDED from src\main\AndroidManifest.xml:53:13-36
	android:parentActivityName
		ADDED from src\main\AndroidManifest.xml:54:13-87
	android:name
		ADDED from src\main\AndroidManifest.xml:52:13-80
activity#info.msacco.tabsswipe.CustomerServiceActivity
ADDED from src\main\AndroidManifest.xml:56:9-60:20
	android:label
		ADDED from src\main\AndroidManifest.xml:58:13-45
	android:parentActivityName
		ADDED from src\main\AndroidManifest.xml:59:13-76
	android:name
		ADDED from src\main\AndroidManifest.xml:57:13-73
activity#info.msacco.tabsswipe.RununuLoanRequestActivity
ADDED from src\main\AndroidManifest.xml:61:9-65:20
	android:label
		ADDED from src\main\AndroidManifest.xml:63:13-43
	android:parentActivityName
		ADDED from src\main\AndroidManifest.xml:64:13-76
	android:name
		ADDED from src\main\AndroidManifest.xml:62:13-75
activity#info.msacco.tabsswipe.MyLoansRepaymentActivity
ADDED from src\main\AndroidManifest.xml:66:9-70:20
	android:label
		ADDED from src\main\AndroidManifest.xml:68:13-43
	android:parentActivityName
		ADDED from src\main\AndroidManifest.xml:69:13-76
	android:name
		ADDED from src\main\AndroidManifest.xml:67:13-74
activity#info.msacco.tabsswipe.MLedgerReportsByTime_BC_30_10_2015
ADDED from src\main\AndroidManifest.xml:71:9-75:20
	android:label
		ADDED from src\main\AndroidManifest.xml:73:13-33
	android:parentActivityName
		ADDED from src\main\AndroidManifest.xml:74:13-79
	android:name
		ADDED from src\main\AndroidManifest.xml:72:13-84
activity#info.msacco.tabsswipe.MLedgerReportsByTimeDrillDown
ADDED from src\main\AndroidManifest.xml:76:9-80:20
	android:label
		ADDED from src\main\AndroidManifest.xml:78:13-33
	android:parentActivityName
		ADDED from src\main\AndroidManifest.xml:79:13-98
	android:name
		ADDED from src\main\AndroidManifest.xml:77:13-79
activity#info.msacco.tabsswipe.MLedgerReportsByTransType
ADDED from src\main\AndroidManifest.xml:81:9-85:20
	android:label
		ADDED from src\main\AndroidManifest.xml:83:13-45
	android:parentActivityName
		ADDED from src\main\AndroidManifest.xml:84:13-79
	android:name
		ADDED from src\main\AndroidManifest.xml:82:13-75
activity#info.msacco.tabsswipe.MLedgerActivity
ADDED from src\main\AndroidManifest.xml:86:9-90:20
	android:label
		ADDED from src\main\AndroidManifest.xml:88:13-38
	android:parentActivityName
		ADDED from src\main\AndroidManifest.xml:89:13-76
	android:name
		ADDED from src\main\AndroidManifest.xml:87:13-65
activity#info.msacco.tabsswipe.EPayOnlinePaymentMasterCardActivity
ADDED from src\main\AndroidManifest.xml:91:9-95:20
	android:label
		ADDED from src\main\AndroidManifest.xml:93:13-39
	android:parentActivityName
		ADDED from src\main\AndroidManifest.xml:94:13-81
	android:name
		ADDED from src\main\AndroidManifest.xml:92:13-85
activity#info.msacco.tabsswipe.MLedgerReportsByAccTypePieChart
ADDED from src\main\AndroidManifest.xml:96:9-100:20
	android:label
		ADDED from src\main\AndroidManifest.xml:98:13-41
	android:parentActivityName
		ADDED from src\main\AndroidManifest.xml:99:13-87
	android:name
		ADDED from src\main\AndroidManifest.xml:97:13-81
activity#info.msacco.tabsswipe.MLedgerReportsByTransTypePieChart
ADDED from src\main\AndroidManifest.xml:101:9-105:20
	android:label
		ADDED from src\main\AndroidManifest.xml:103:13-45
	android:parentActivityName
		ADDED from src\main\AndroidManifest.xml:104:13-89
	android:name
		ADDED from src\main\AndroidManifest.xml:102:13-83
activity#info.msacco.tabsswipe.MLedgerReportsByTimePieChart
ADDED from src\main\AndroidManifest.xml:106:9-110:20
	android:label
		ADDED from src\main\AndroidManifest.xml:108:13-33
	android:parentActivityName
		ADDED from src\main\AndroidManifest.xml:109:13-98
	android:name
		ADDED from src\main\AndroidManifest.xml:107:13-78
activity#info.msacco.tabsswipe.BalEnquiryActivity
ADDED from src\main\AndroidManifest.xml:111:9-115:20
	android:label
		ADDED from src\main\AndroidManifest.xml:113:13-44
	android:parentActivityName
		ADDED from src\main\AndroidManifest.xml:114:13-76
	android:name
		ADDED from src\main\AndroidManifest.xml:112:13-68
activity#info.msacco.tabsswipe.EPayOnlinePaymentVISAActivity
ADDED from src\main\AndroidManifest.xml:116:9-120:20
	android:label
		ADDED from src\main\AndroidManifest.xml:118:13-33
	android:parentActivityName
		ADDED from src\main\AndroidManifest.xml:119:13-81
	android:name
		ADDED from src\main\AndroidManifest.xml:117:13-79
activity#info.msacco.tabsswipe.MLedgerReportsByAccType
ADDED from src\main\AndroidManifest.xml:121:9-125:20
	android:label
		ADDED from src\main\AndroidManifest.xml:123:13-41
	android:parentActivityName
		ADDED from src\main\AndroidManifest.xml:124:13-79
	android:name
		ADDED from src\main\AndroidManifest.xml:122:13-73
activity#info.msacco.tabsswipe.MLedgerReportsByTime
ADDED from src\main\AndroidManifest.xml:126:9-130:20
	android:label
		ADDED from src\main\AndroidManifest.xml:128:13-33
	android:parentActivityName
		ADDED from src\main\AndroidManifest.xml:129:13-79
	android:name
		ADDED from src\main\AndroidManifest.xml:127:13-70
activity#info.msacco.tabsswipe.MLedgerReportsByTimeBarChart
ADDED from src\main\AndroidManifest.xml:131:9-135:20
	android:label
		ADDED from src\main\AndroidManifest.xml:133:13-33
	android:parentActivityName
		ADDED from src\main\AndroidManifest.xml:134:13-98
	android:name
		ADDED from src\main\AndroidManifest.xml:132:13-78
activity#info.msacco.tabsswipe.MLedgerReportsByTransTypeBarChart
ADDED from src\main\AndroidManifest.xml:136:9-140:20
	android:label
		ADDED from src\main\AndroidManifest.xml:138:13-45
	android:parentActivityName
		ADDED from src\main\AndroidManifest.xml:139:13-89
	android:name
		ADDED from src\main\AndroidManifest.xml:137:13-83
activity#info.msacco.tabsswipe.MLedgerReportsByAccTypeBarChart
ADDED from src\main\AndroidManifest.xml:141:9-145:20
	android:label
		ADDED from src\main\AndroidManifest.xml:143:13-41
	android:parentActivityName
		ADDED from src\main\AndroidManifest.xml:144:13-87
	android:name
		ADDED from src\main\AndroidManifest.xml:142:13-81
activity#org.achartengine.GraphicalActivity
ADDED from src\main\AndroidManifest.xml:146:9-71
	android:name
		ADDED from src\main\AndroidManifest.xml:146:19-68
activity#info.msacco.tabsswipe.MyCardsActivity
ADDED from src\main\AndroidManifest.xml:147:9-151:20
	android:label
		ADDED from src\main\AndroidManifest.xml:149:13-37
	android:parentActivityName
		ADDED from src\main\AndroidManifest.xml:150:13-76
	android:name
		ADDED from src\main\AndroidManifest.xml:148:13-65
activity#info.msacco.tabsswipe.EPayPayBillKPLCActivity
ADDED from src\main\AndroidManifest.xml:152:9-156:20
	android:label
		ADDED from src\main\AndroidManifest.xml:154:13-33
	android:parentActivityName
		ADDED from src\main\AndroidManifest.xml:155:13-81
	android:name
		ADDED from src\main\AndroidManifest.xml:153:13-73
activity#info.msacco.tabsswipe.EPayPayBillZUKUActivity
ADDED from src\main\AndroidManifest.xml:157:9-161:20
	android:label
		ADDED from src\main\AndroidManifest.xml:159:13-33
	android:parentActivityName
		ADDED from src\main\AndroidManifest.xml:160:13-81
	android:name
		ADDED from src\main\AndroidManifest.xml:158:13-73
activity#info.msacco.tabsswipe.EPayPayBillNairobiWaterActivity
ADDED from src\main\AndroidManifest.xml:162:9-166:20
	android:label
		ADDED from src\main\AndroidManifest.xml:164:13-42
	android:parentActivityName
		ADDED from src\main\AndroidManifest.xml:165:13-81
	android:name
		ADDED from src\main\AndroidManifest.xml:163:13-81
activity#info.msacco.tabsswipe.EPayPayBillDSTVActivity
ADDED from src\main\AndroidManifest.xml:167:9-171:20
	android:label
		ADDED from src\main\AndroidManifest.xml:169:13-33
	android:parentActivityName
		ADDED from src\main\AndroidManifest.xml:170:13-81
	android:name
		ADDED from src\main\AndroidManifest.xml:168:13-73
activity#info.msacco.tabsswipe.MyAccTransactWithdrawActivity
ADDED from src\main\AndroidManifest.xml:172:9-176:20
	android:label
		ADDED from src\main\AndroidManifest.xml:174:13-37
	android:parentActivityName
		ADDED from src\main\AndroidManifest.xml:175:13-85
	android:name
		ADDED from src\main\AndroidManifest.xml:173:13-79
activity#info.msacco.tabsswipe.MyAccAirtimeTopUpMyPhoneActivity
ADDED from src\main\AndroidManifest.xml:177:9-181:20
	android:label
		ADDED from src\main\AndroidManifest.xml:179:13-43
	android:parentActivityName
		ADDED from src\main\AndroidManifest.xml:180:13-96
	android:name
		ADDED from src\main\AndroidManifest.xml:178:13-82
activity#info.msacco.tabsswipe.MyAccAirtimeTopUpOtherActivity
ADDED from src\main\AndroidManifest.xml:182:9-186:20
	android:label
		ADDED from src\main\AndroidManifest.xml:184:13-41
	android:parentActivityName
		ADDED from src\main\AndroidManifest.xml:185:13-96
	android:name
		ADDED from src\main\AndroidManifest.xml:183:13-80
activity#info.msacco.tabsswipe.FundsTransferActivity
ADDED from src\main\AndroidManifest.xml:187:9-191:20
	android:label
		ADDED from src\main\AndroidManifest.xml:189:13-43
	android:parentActivityName
		ADDED from src\main\AndroidManifest.xml:190:13-76
	android:name
		ADDED from src\main\AndroidManifest.xml:188:13-71
activity#info.msacco.tabsswipe.EPaymentsActivity
ADDED from src\main\AndroidManifest.xml:192:9-196:20
	android:label
		ADDED from src\main\AndroidManifest.xml:194:13-39
	android:parentActivityName
		ADDED from src\main\AndroidManifest.xml:195:13-76
	android:name
		ADDED from src\main\AndroidManifest.xml:193:13-67
activity#info.msacco.tabsswipe.MyAccMemberInfoActivity
ADDED from src\main\AndroidManifest.xml:197:9-201:20
	android:label
		ADDED from src\main\AndroidManifest.xml:199:13-47
	android:parentActivityName
		ADDED from src\main\AndroidManifest.xml:200:13-81
	android:name
		ADDED from src\main\AndroidManifest.xml:198:13-73
activity#info.msacco.tabsswipe.MyAccNextOfKinActivity
ADDED from src\main\AndroidManifest.xml:202:9-206:20
	android:label
		ADDED from src\main\AndroidManifest.xml:204:13-40
	android:parentActivityName
		ADDED from src\main\AndroidManifest.xml:205:13-81
	android:name
		ADDED from src\main\AndroidManifest.xml:203:13-72
activity#info.msacco.tabsswipe.MyAccountActivity
ADDED from src\main\AndroidManifest.xml:207:9-211:20
	android:label
		ADDED from src\main\AndroidManifest.xml:209:13-39
	android:parentActivityName
		ADDED from src\main\AndroidManifest.xml:210:13-76
	android:name
		ADDED from src\main\AndroidManifest.xml:208:13-67
activity#info.msacco.tabsswipe.MyAccTransactActivity
ADDED from src\main\AndroidManifest.xml:212:9-216:20
	android:label
		ADDED from src\main\AndroidManifest.xml:214:13-37
	android:parentActivityName
		ADDED from src\main\AndroidManifest.xml:215:13-76
	android:name
		ADDED from src\main\AndroidManifest.xml:213:13-71
activity#info.msacco.tabsswipe.MyAccTransactDepositActivity
ADDED from src\main\AndroidManifest.xml:217:9-221:20
	android:label
		ADDED from src\main\AndroidManifest.xml:219:13-42
	android:parentActivityName
		ADDED from src\main\AndroidManifest.xml:220:13-85
	android:name
		ADDED from src\main\AndroidManifest.xml:218:13-78
activity#info.msacco.tabsswipe.MyAccMiniStatementActivity
ADDED from src\main\AndroidManifest.xml:222:9-226:20
	android:label
		ADDED from src\main\AndroidManifest.xml:224:13-43
	android:parentActivityName
		ADDED from src\main\AndroidManifest.xml:225:13-76
	android:name
		ADDED from src\main\AndroidManifest.xml:223:13-76
activity#info.msacco.tabsswipe.LoanCalActivity
ADDED from src\main\AndroidManifest.xml:227:9-231:20
	android:label
		ADDED from src\main\AndroidManifest.xml:229:13-44
	android:parentActivityName
		ADDED from src\main\AndroidManifest.xml:230:13-76
	android:name
		ADDED from src\main\AndroidManifest.xml:228:13-65
activity#info.msacco.tabsswipe.MyAccTransactAirtimeTopUpActivity
ADDED from src\main\AndroidManifest.xml:232:9-236:20
	android:label
		ADDED from src\main\AndroidManifest.xml:234:13-42
	android:parentActivityName
		ADDED from src\main\AndroidManifest.xml:235:13-85
	android:name
		ADDED from src\main\AndroidManifest.xml:233:13-83
activity#info.msacco.tabsswipe.StartPage
ADDED from src\main\AndroidManifest.xml:237:9-240:20
	android:label
		ADDED from src\main\AndroidManifest.xml:239:13-45
	android:name
		ADDED from src\main\AndroidManifest.xml:238:13-59